\BOOKMARK [1][-]{section.1}{Introduction}{}% 1
\BOOKMARK [1][-]{section.2}{Related Work}{}% 2
\BOOKMARK [1][-]{section.3}{Methodology}{}% 3
\BOOKMARK [2][-]{subsection.3.1}{Brute Force Removal Approach}{section.3}% 4
\BOOKMARK [2][-]{subsection.3.2}{Taylor Series Representation of Error}{section.3}% 5
\BOOKMARK [2][-]{subsection.3.3}{Linear Approximation Approach}{section.3}% 6
\BOOKMARK [2][-]{subsection.3.4}{Quadratic Approximation Approach}{section.3}% 7
\BOOKMARK [2][-]{subsection.3.5}{Proposed Pruning Algorithm}{section.3}% 8
\BOOKMARK [3][-]{subsubsection.3.5.1}{Algorithm I: Single Overall Ranking}{subsection.3.5}% 9
\BOOKMARK [3][-]{subsubsection.3.5.2}{Algorithm II: Iterative Re-Ranking}{subsection.3.5}% 10
\BOOKMARK [1][-]{section.4}{Experimental Results}{}% 11
\BOOKMARK [2][-]{subsection.4.1}{Pruning a 1-Layer Network}{section.4}% 12
\BOOKMARK [3][-]{subsubsection.4.1.1}{Single Overall Ranking Algorithm}{subsection.4.1}% 13
\BOOKMARK [3][-]{subsubsection.4.1.2}{Iterative Re-Ranking Algorithm}{subsection.4.1}% 14
\BOOKMARK [3][-]{subsubsection.4.1.3}{Visualization of Error Surface \046 Pruning Decisions}{subsection.4.1}% 15
\BOOKMARK [2][-]{subsection.4.2}{Pruning A 2-Layer Network}{section.4}% 16
\BOOKMARK [3][-]{subsubsection.4.2.1}{Single Overall Ranking Algorithm}{subsection.4.2}% 17
\BOOKMARK [3][-]{subsubsection.4.2.2}{Iterative Re-Ranking Algorithm}{subsection.4.2}% 18
\BOOKMARK [3][-]{subsubsection.4.2.3}{Visualization of Error Surface \046 Pruning Decisions}{subsection.4.2}% 19
\BOOKMARK [2][-]{subsection.4.3}{Some More Observations \046 Discussions}{section.4}% 20
\BOOKMARK [1][-]{section.5}{Conclusions}{}% 21
\BOOKMARK [1][-]{section.6}{Future Work}{}% 22
